TN:
SF:src\ApiMock.js
FN:3,getUserData
FN:5,(anonymous_1)
FN:6,(anonymous_2)
FNF:3
FNH:2
FNDA:2,getUserData
FNDA:2,(anonymous_1)
FNDA:0,(anonymous_2)
DA:1,1
DA:4,2
DA:5,2
DA:6,0
DA:9,1
DA:11,1
LF:6
LH:5
BRF:0
BRH:0
end_of_record
TN:
SF:src\Link.react.js
FN:4,(anonymous_0)
FN:13,(anonymous_1)
FNF:2
FNH:2
FNDA:1,(anonymous_0)
FNDA:1,(anonymous_1)
DA:5,1
DA:7,1
DA:14,1
LF:3
LH:3
BRDA:18,0,0,1
BRDA:18,0,1,1
BRF:2
BRH:2
end_of_record
TN:
SF:src\MockFunctions.js
FN:1,getFullName
FN:5,greet
FNF:2
FNH:2
FNDA:1,getFullName
FNDA:2,greet
DA:2,1
DA:6,2
DA:8,2
LF:3
LH:3
BRF:0
BRH:0
end_of_record
TN:
SF:src\components\ComponentOne.js
FN:5,(anonymous_0)
FNF:1
FNH:0
FNDA:0,(anonymous_0)
DA:6,0
LF:1
LH:0
BRF:0
BRH:0
end_of_record
